  win32_platform.cpp
C:\Users\Hy\source\repos\Pong2\Pong2\win32_platform.cpp(4,1): warning C4091: 'static ': ignored on left of 'int' when no variable is declared
C:\Users\Hy\source\repos\Pong2\Pong2\win32_platform.cpp(13,1): warning C4091: 'static ': ignored on left of 'int' when no variable is declared
C:\Users\Hy\source\repos\Pong2\Pong2\renderer.cpp(3,1): warning C4091: 'static ': ignored on left of 'int' when no variable is declared
C:\Users\Hy\source\repos\Pong2\Pong2\renderer.cpp(14,1): warning C4091: 'static ': ignored on left of 'int' when no variable is declared
C:\Users\Hy\source\repos\Pong2\Pong2\renderer.cpp(29,1): warning C4091: 'static ': ignored on left of 'int' when no variable is declared
C:\Users\Hy\source\repos\Pong2\Pong2\renderer.cpp(32,1): warning C4091: 'static ': ignored on left of 'int' when no variable is declared
C:\Users\Hy\source\repos\Pong2\Pong2\renderer.cpp(49,1): warning C4091: 'static ': ignored on left of 'int' when no variable is declared
C:\Users\Hy\source\repos\Pong2\Pong2\renderer.cpp(59,9): warning C4244: 'initializing': conversion from 'float' to 'int', possible loss of data
C:\Users\Hy\source\repos\Pong2\Pong2\renderer.cpp(60,9): warning C4244: 'initializing': conversion from 'float' to 'int', possible loss of data
C:\Users\Hy\source\repos\Pong2\Pong2\renderer.cpp(61,9): warning C4244: 'initializing': conversion from 'float' to 'int', possible loss of data
C:\Users\Hy\source\repos\Pong2\Pong2\renderer.cpp(62,9): warning C4244: 'initializing': conversion from 'float' to 'int', possible loss of data
C:\Users\Hy\source\repos\Pong2\Pong2\renderer.cpp(345,1): warning C4091: 'static ': ignored on left of 'int' when no variable is declared
C:\Users\Hy\source\repos\Pong2\Pong2\renderer.cpp(383,1): warning C4091: 'static ': ignored on left of 'int' when no variable is declared
C:\Users\Hy\source\repos\Pong2\Pong2\win32_platform.cpp(18,10): warning C4067: unexpected tokens following preprocessor directive - expected a newline
C:\Users\Hy\source\repos\Pong2\Pong2\game.cpp(35,1): warning C4091: 'static ': ignored on left of 'int' when no variable is declared
C:\Users\Hy\source\repos\Pong2\Pong2\game.cpp(52,1): warning C4091: 'static ': ignored on left of 'int' when no variable is declared
C:\Users\Hy\source\repos\Pong2\Pong2\game.cpp(122,1): warning C4091: 'static ': ignored on left of 'int' when no variable is declared
C:\Users\Hy\source\repos\Pong2\Pong2\game.cpp(146,49): warning C4305: 'argument': truncation from 'double' to 'float'
C:\Users\Hy\source\repos\Pong2\Pong2\game.cpp(149,49): warning C4305: 'argument': truncation from 'double' to 'float'
C:\Users\Hy\source\repos\Pong2\Pong2\game.cpp(155,1): warning C4091: 'static ': ignored on left of 'int' when no variable is declared
C:\Users\Hy\source\repos\Pong2\Pong2\game.cpp(183,56): warning C4305: 'argument': truncation from 'double' to 'float'
C:\Users\Hy\source\repos\Pong2\Pong2\game.cpp(186,56): warning C4305: 'argument': truncation from 'double' to 'float'
C:\Users\Hy\source\repos\Pong2\Pong2\game.cpp(226,1): warning C4091: 'static ': ignored on left of 'int' when no variable is declared
C:\Users\Hy\source\repos\Pong2\Pong2\game.cpp(229,54): warning C4305: 'argument': truncation from 'double' to 'float'
C:\Users\Hy\source\repos\Pong2\Pong2\game.cpp(248,70): warning C4305: 'argument': truncation from 'double' to 'float'
C:\Users\Hy\source\repos\Pong2\Pong2\game.cpp(249,69): warning C4305: 'argument': truncation from 'double' to 'float'
C:\Users\Hy\source\repos\Pong2\Pong2\game.cpp(261,65): warning C4305: 'argument': truncation from 'double' to 'float'
C:\Users\Hy\source\repos\Pong2\Pong2\game.cpp(262,78): warning C4305: 'argument': truncation from 'double' to 'float'
C:\Users\Hy\source\repos\Pong2\Pong2\game.cpp(276,79): warning C4305: 'argument': truncation from 'double' to 'float'
C:\Users\Hy\source\repos\Pong2\Pong2\game.cpp(277,80): warning C4305: 'argument': truncation from 'double' to 'float'
C:\Users\Hy\source\repos\Pong2\Pong2\game.cpp(289,60): warning C4305: 'argument': truncation from 'double' to 'float'
C:\Users\Hy\source\repos\Pong2\Pong2\game.cpp(290,73): warning C4305: 'argument': truncation from 'double' to 'float'
C:\Users\Hy\source\repos\Pong2\Pong2\game.cpp(304,1): warning C4091: 'static ': ignored on left of 'int' when no variable is declared
C:\Users\Hy\source\repos\Pong2\Pong2\game.cpp(391,1): warning C4091: 'static ': ignored on left of 'int' when no variable is declared
C:\Users\Hy\source\repos\Pong2\Pong2\game.cpp(418,1): warning C4091: 'static ': ignored on left of 'int' when no variable is declared
C:\Users\Hy\source\repos\Pong2\Pong2\game.cpp(556,1): warning C4091: 'static ': ignored on left of 'int' when no variable is declared
C:\Users\Hy\source\repos\Pong2\Pong2\game.cpp(564,26): warning C4305: 'argument': truncation from 'double' to 'float'
C:\Users\Hy\source\repos\Pong2\Pong2\game.cpp(567,30): warning C4305: 'argument': truncation from 'double' to 'float'
C:\Users\Hy\source\repos\Pong2\Pong2\game.cpp(567,25): warning C4305: 'argument': truncation from 'double' to 'float'
C:\Users\Hy\source\repos\Pong2\Pong2\game.cpp(582,1): warning C4091: 'static ': ignored on left of 'int' when no variable is declared
C:\Users\Hy\source\repos\Pong2\Pong2\game.cpp(591,30): warning C4305: 'argument': truncation from 'double' to 'float'
C:\Users\Hy\source\repos\Pong2\Pong2\game.cpp(591,25): warning C4305: 'argument': truncation from 'double' to 'float'
C:\Users\Hy\source\repos\Pong2\Pong2\game.cpp(614,1): warning C4091: 'static ': ignored on left of 'int' when no variable is declared
C:\Users\Hy\source\repos\Pong2\Pong2\game.cpp(618,24): warning C4244: '=': conversion from 'double' to 'float', possible loss of data
C:\Users\Hy\source\repos\Pong2\Pong2\game.cpp(619,24): warning C4244: '=': conversion from 'double' to 'float', possible loss of data
C:\Users\Hy\source\repos\Pong2\Pong2\game.cpp(684,1): warning C4091: 'static ': ignored on left of 'int' when no variable is declared
C:\Users\Hy\source\repos\Pong2\Pong2\game.cpp(688,1): warning C4091: 'static ': ignored on left of 'int' when no variable is declared
  Pong2.vcxproj -> C:\Users\Hy\source\repos\Pong2\x64\Debug\Pong2.exe
